  main.cpp
C:\Users\wl030\Desktop\ACG\HW3\HW3\main.cpp(39): warning C4244: '引數': 將 'double' 轉換為 'const float'，由於類型不同，可能導致資料遺失
C:\Users\wl030\Desktop\ACG\HW3\HW3\main.cpp(48): warning C4244: '引數': 將 'double' 轉換為 'const float'，由於類型不同，可能導致資料遺失
C:\Users\wl030\Desktop\ACG\HW3\HW3\main.cpp(57): warning C4244: '引數': 將 'double' 轉換為 'const float'，由於類型不同，可能導致資料遺失
C:\Users\wl030\Desktop\ACG\HW3\HW3\main.cpp(66): warning C4244: '引數': 將 'double' 轉換為 'const float'，由於類型不同，可能導致資料遺失
C:\Users\wl030\Desktop\ACG\HW3\HW3\main.cpp(75): warning C4244: '引數': 將 'double' 轉換為 'const float'，由於類型不同，可能導致資料遺失
C:\Users\wl030\Desktop\ACG\HW3\HW3\main.cpp(84): warning C4244: '引數': 將 'double' 轉換為 'const float'，由於類型不同，可能導致資料遺失
C:\Users\wl030\Desktop\ACG\HW3\HW3\main.cpp(95): warning C4244: '引數': 將 'double' 轉換為 'const float'，由於類型不同，可能導致資料遺失
C:\Users\wl030\Desktop\ACG\HW3\HW3\main.cpp(104): warning C4244: '引數': 將 'double' 轉換為 'const float'，由於類型不同，可能導致資料遺失
C:\Users\wl030\Desktop\ACG\HW3\HW3\main.cpp(115): warning C4244: '引數': 將 'double' 轉換為 'const float'，由於類型不同，可能導致資料遺失
C:\Users\wl030\Desktop\ACG\HW3\HW3\main.cpp(124): warning C4244: '引數': 將 'double' 轉換為 'const float'，由於類型不同，可能導致資料遺失
C:\Users\wl030\Desktop\ACG\HW3\HW3\main.cpp(127): warning C4305: '引數': 從 'double' 轉換為 'const float'，是由較大的類型轉換為較小的類型，可能導致資料遺失
C:\Users\wl030\Desktop\ACG\HW3\HW3\main.cpp(155): warning C4244: '引數': 將 'double' 轉換為 'const float'，由於類型不同，可能導致資料遺失
C:\Users\wl030\Desktop\ACG\HW3\HW3\main.cpp(161): warning C4244: '引數': 將 'double' 轉換為 'const float'，由於類型不同，可能導致資料遺失
C:\Users\wl030\Desktop\ACG\HW3\HW3\main.cpp(163): warning C4244: '引數': 將 'double' 轉換為 'const float'，由於類型不同，可能導致資料遺失
C:\Users\wl030\Desktop\ACG\HW3\HW3\main.cpp(179): warning C4244: '引數': 將 'double' 轉換為 'const float'，由於類型不同，可能導致資料遺失
C:\Users\wl030\Desktop\ACG\HW3\HW3\main.cpp(182): warning C4244: '引數': 將 'double' 轉換為 'const float'，由於類型不同，可能導致資料遺失
C:\Users\wl030\Desktop\ACG\HW3\HW3\main.cpp(189): warning C4244: '引數': 將 'double' 轉換為 'const float'，由於類型不同，可能導致資料遺失
C:\Users\wl030\Desktop\ACG\HW3\HW3\main.cpp(198): warning C4244: '引數': 將 'double' 轉換為 'const float'，由於類型不同，可能導致資料遺失
C:\Users\wl030\Desktop\ACG\HW3\HW3\main.cpp(214): warning C4244: '引數': 將 'double' 轉換為 'const float'，由於類型不同，可能導致資料遺失
C:\Users\wl030\Desktop\ACG\HW3\HW3\main.cpp(219): warning C4244: '引數': 將 'double' 轉換為 'const float'，由於類型不同，可能導致資料遺失
C:\Users\wl030\Desktop\ACG\HW3\HW3\main.cpp(224): warning C4244: '引數': 將 'double' 轉換為 'const float'，由於類型不同，可能導致資料遺失
C:\Users\wl030\Desktop\ACG\HW3\HW3\main.cpp(231): warning C4244: '引數': 將 'double' 轉換為 'const float'，由於類型不同，可能導致資料遺失
C:\Users\wl030\Desktop\ACG\HW3\HW3\main.cpp(234): warning C4244: '引數': 將 'double' 轉換為 'const float'，由於類型不同，可能導致資料遺失
C:\Users\wl030\Desktop\ACG\HW3\HW3\main.cpp(237): warning C4244: '引數': 將 'double' 轉換為 'const float'，由於類型不同，可能導致資料遺失
C:\Users\wl030\Desktop\ACG\HW3\HW3\main.cpp(245): warning C4244: '引數': 將 'double' 轉換為 'const float'，由於類型不同，可能導致資料遺失
C:\Users\wl030\Desktop\ACG\HW3\HW3\main.cpp(248): warning C4244: '引數': 將 'double' 轉換為 'const float'，由於類型不同，可能導致資料遺失
C:\Users\wl030\Desktop\ACG\HW3\HW3\main.cpp(251): warning C4244: '引數': 將 'double' 轉換為 'const float'，由於類型不同，可能導致資料遺失
C:\Users\wl030\Desktop\ACG\HW3\HW3\main.cpp(257): warning C4244: '引數': 將 'double' 轉換為 'const float'，由於類型不同，可能導致資料遺失
C:\Users\wl030\Desktop\ACG\HW3\HW3\main.cpp(280): warning C4244: '引數': 將 'double' 轉換為 'const float'，由於類型不同，可能導致資料遺失
C:\Users\wl030\Desktop\ACG\HW3\HW3\main.cpp(288): warning C4244: '正在初始化': 將 'double' 轉換為 'int'，由於類型不同，可能導致資料遺失
C:\Users\wl030\Desktop\ACG\HW3\HW3\main.cpp(289): warning C4244: '正在初始化': 將 'double' 轉換為 'int'，由於類型不同，可能導致資料遺失
C:\Users\wl030\Desktop\ACG\HW3\HW3\main.cpp(290): warning C4244: '引數': 將 'int' 轉換為 'const float'，由於類型不同，可能導致資料遺失
C:\Users\wl030\Desktop\ACG\HW3\HW3\main.cpp(291): warning C4244: '引數': 將 'double' 轉換為 'const float'，由於類型不同，可能導致資料遺失
C:\Users\wl030\Desktop\ACG\HW3\HW3\main.cpp(294): warning C4244: '引數': 將 'int' 轉換為 'const float'，由於類型不同，可能導致資料遺失
C:\Users\wl030\Desktop\ACG\HW3\HW3\main.cpp(295): warning C4305: '引數': 從 'double' 轉換為 'const float'，是由較大的類型轉換為較小的類型，可能導致資料遺失
C:\Users\wl030\Desktop\ACG\HW3\HW3\main.cpp(296): warning C4244: '引數': 將 'double' 轉換為 'const float'，由於類型不同，可能導致資料遺失
C:\Users\wl030\Desktop\ACG\HW3\HW3\main.cpp(297): warning C4244: '引數': 將 'double' 轉換為 'const float'，由於類型不同，可能導致資料遺失
C:\Users\wl030\Desktop\ACG\HW3\HW3\main.cpp(298): warning C4244: '引數': 將 'double' 轉換為 'const float'，由於類型不同，可能導致資料遺失
C:\Users\wl030\Desktop\ACG\HW3\HW3\main.cpp(300): warning C4244: '引數': 將 'double' 轉換為 'const float'，由於類型不同，可能導致資料遺失
C:\Users\wl030\Desktop\ACG\HW3\HW3\main.cpp(301): warning C4244: '引數': 將 'double' 轉換為 'const float'，由於類型不同，可能導致資料遺失
C:\Users\wl030\Desktop\ACG\HW3\HW3\main.cpp(302): warning C4244: '引數': 將 'double' 轉換為 'const float'，由於類型不同，可能導致資料遺失
  HW3.vcxproj -> C:\Users\wl030\Desktop\ACG\HW3\Debug\HW3.exe
